<?xml version="1.0" encoding="UTF-8"?>
<!-- Generated by org.testng.reporters.JUnitXMLReporter -->
<testsuite ignored="0" hostname="REM-TNUZUM" failures="0" tests="5" name="Default test" time="83.45" errors="0" timestamp="2020-08-07T17:44:15 EDT">
  <testcase classname="frontDeskTests.CheckIn" name="validatePageObjects" time="1.614"/>
  <testcase classname="frontDeskTests.CheckIn" name="memberCheckIn" time="9.728"/>
  <testcase classname="frontDeskTests.CheckIn" name="familyCheckIn" time="7.999"/>
  <testcase classname="frontDeskTests.CheckIn" name="clearMember" time="5.675"/>
  <testcase classname="frontDeskTests.CheckIn" name="memberInfo" time="10.269"/>
</testsuite> <!-- Default test -->
