<?xml version="1.0" encoding="UTF-8"?>
<!-- Generated by org.testng.reporters.JUnitXMLReporter -->
<testsuite ignored="3" hostname="REM-TNUZUM" failures="0" tests="31" name="About Compete" time="754.806" errors="0" timestamp="2020-08-07T18:00:51 EDT">
  <testcase classname="frontDeskTests.AboutCompete" name="CompeteAboutView" time="35.835"/>
  <testcase classname="frontDeskTests.Agreements" name="validatePageObjects" time="1.149"/>
  <testcase classname="frontDeskTests.Agreements" name="searchAgreements" time="13.231"/>
  <testcase classname="frontDeskTests.Bookings" name="validatePageObjects" time="5.006"/>
  <testcase classname="frontDeskTests.Bookings" name="showCalendar" time="8.053"/>
  <testcase classname="frontDeskTests.Bookings" name="bookView" time="3.075"/>
  <testcase classname="frontDeskTests.ChangePassword" name="launchChangePassword" time="18.956"/>
  <testcase classname="frontDeskTests.ChangePassword" name="validatePageObjects" time="15.939"/>
  <testcase classname="frontDeskTests.ChangePassword" name="cancelChange" time="31.498"/>
  <testcase classname="frontDeskTests.CheckIn" name="validatePageObjects" time="1.65"/>
  <testcase classname="frontDeskTests.CheckIn" name="memberCheckIn" time="9.772"/>
  <testcase classname="frontDeskTests.CheckIn" name="familyCheckIn" time="7.487"/>
  <testcase classname="frontDeskTests.CheckIn" name="clearMember" time="5.97"/>
  <testcase classname="frontDeskTests.CheckIn" name="memberInfo" time="9.761"/>
  <testcase classname="frontDeskTests.ClassEnrollment" name="validatePageObjects" time="6.835"/>
  <testcase classname="frontDeskTests.ClassEnrollment" name="closeWindow" time="0.31"/>
  <testcase classname="frontDeskTests.Login" name="validatePageObjects" time="6.685"/>
  <testcase classname="frontDeskTests.Login" name="validateInputRequiredErrorMessage" time="4.067"/>
  <testcase classname="frontDeskTests.Login" name="validateInputInvalidErrorMessage" time="8.973"/>
  <testcase classname="frontDeskTests.Login" name="validateCancelLogin" time="2.907"/>
  <testcase classname="frontDeskTests.Login" name="validateSuccessfulLogin" time="48.182"/>
  <testcase classname="frontDeskTests.MemberMgmt" name="validatePageObjects" time="0.849"/>
  <testcase classname="frontDeskTests.MemberMgmt" name="searchMember" time="4.29"/>
  <testcase classname="frontDeskTests.MemberMgmt" name="clearMember" time="1.029"/>
  <testcase classname="frontDeskTests.MemberMgmt" name="memberInfo" time="8.844"/>
  <testcase classname="frontDeskTests.PointOfSale" name="validatePageObjects" time="26.392"/>
  <testcase classname="frontDeskTests.PointOfSale" name="clearMember" time="10.944"/>
  <testcase classname="frontDeskTests.PointOfSale" name="purchaseWithCash" time="18.019"/>
  <testcase classname="frontDeskTests.PointOfSale" name="purchaseWithCreditCard" time="27.319"/>
  <testcase classname="frontDeskTests.PointOfSale" name="takePayment" time="15.515"/>
  <testcase classname="frontDeskTests.Reports" name="validatePageObjects" time="6.69"/>
  <testcase classname="frontDeskTests.ChangePassword" name="changePassword" time="0.0">
    <ignored/>
  </testcase> <!-- changePassword -->
  <testcase classname="frontDeskTests.Reports" name="validateReportHeaders" time="0.0">
    <ignored/>
  </testcase> <!-- validateReportHeaders -->
  <testcase classname="frontDeskTests.Reports" name="accountingCancelledPaymentsByDate" time="0.0">
    <ignored/>
  </testcase> <!-- accountingCancelledPaymentsByDate -->
</testsuite> <!-- About Compete -->
