<?xml version="1.0" encoding="UTF-8"?>
<!-- Generated by org.testng.reporters.JUnitXMLReporter -->
<testsuite ignored="0" hostname="REM-TNUZUM" failures="0" tests="3" name="Bookings" time="63.967" errors="0" timestamp="2020-08-07T17:30:47 EDT">
  <testcase classname="frontDeskTests.Bookings" name="validatePageObjects" time="5.304"/>
  <testcase classname="frontDeskTests.Bookings" name="showCalendar" time="8.19"/>
  <testcase classname="frontDeskTests.Bookings" name="bookView" time="3.173"/>
</testsuite> <!-- Bookings -->
