<?xml version="1.0" encoding="UTF-8"?>
<!-- Generated by org.testng.reporters.JUnitXMLReporter -->
<testsuite ignored="1" hostname="REM-TNUZUM" failures="0" tests="3" name="Change Password" time="88.837" errors="0" timestamp="2020-08-07T17:32:16 EDT">
  <testcase classname="frontDeskTests.ChangePassword" name="launchChangePassword" time="19.269"/>
  <testcase classname="frontDeskTests.ChangePassword" name="validatePageObjects" time="18.39"/>
  <testcase classname="frontDeskTests.ChangePassword" name="cancelChange" time="33.33"/>
  <testcase classname="frontDeskTests.ChangePassword" name="changePassword" time="0.0">
    <ignored/>
  </testcase> <!-- changePassword -->
</testsuite> <!-- Change Password -->
