<?xml version="1.0" encoding="UTF-8"?>
<!-- Generated by org.testng.reporters.JUnitXMLReporter -->
<testsuite ignored="0" hostname="REM-TNUZUM" failures="0" tests="5" name="Login" time="92.446" errors="0" timestamp="2020-08-07T17:36:47 EDT">
  <testcase classname="frontDeskTests.Login" name="validatePageObjects" time="6.329"/>
  <testcase classname="frontDeskTests.Login" name="validateInputRequiredErrorMessage" time="4.155"/>
  <testcase classname="frontDeskTests.Login" name="validateInputInvalidErrorMessage" time="8.278"/>
  <testcase classname="frontDeskTests.Login" name="validateCancelLogin" time="2.782"/>
  <testcase classname="frontDeskTests.Login" name="validateSuccessfulLogin" time="52.579"/>
</testsuite> <!-- Login -->
