<?xml version="1.0" encoding="UTF-8"?>
<!-- Generated by org.testng.reporters.JUnitXMLReporter -->
<testsuite ignored="0" hostname="REM-TNUZUM" failures="0" tests="4" name="Member Management" time="65.367" errors="0" timestamp="2020-08-07T17:37:53 EDT">
  <testcase classname="frontDeskTests.MemberMgmt" name="validatePageObjects" time="0.86"/>
  <testcase classname="frontDeskTests.MemberMgmt" name="searchMember" time="5.935"/>
  <testcase classname="frontDeskTests.MemberMgmt" name="clearMember" time="1.069"/>
  <testcase classname="frontDeskTests.MemberMgmt" name="memberInfo" time="8.989"/>
</testsuite> <!-- Member Management -->
