<?xml version="1.0" encoding="UTF-8"?>
<!-- Generated by org.testng.reporters.JUnitXMLReporter -->
<testsuite ignored="0" hostname="REM-TNUZUM" failures="0" tests="5" name="Point Of Sale" time="138.146" errors="0" timestamp="2020-08-07T17:40:11 EDT">
  <testcase classname="frontDeskTests.PointOfSale" name="validatePageObjects" time="25.761"/>
  <testcase classname="frontDeskTests.PointOfSale" name="clearMember" time="7.309"/>
  <testcase classname="frontDeskTests.PointOfSale" name="purchaseWithCash" time="17.733"/>
  <testcase classname="frontDeskTests.PointOfSale" name="purchaseWithCreditCard" time="27.665"/>
  <testcase classname="frontDeskTests.PointOfSale" name="takePayment" time="15.1"/>
</testsuite> <!-- Point Of Sale -->
