<?xml version="1.0" encoding="UTF-8"?>
<!-- Generated by org.testng.reporters.JUnitXMLReporter -->
<testsuite ignored="2" hostname="REM-TNUZUM" failures="0" tests="1" name="Reports" time="53.537" errors="0" timestamp="2020-08-07T17:41:04 EDT">
  <testcase classname="frontDeskTests.Reports" name="validatePageObjects" time="6.599"/>
  <testcase classname="frontDeskTests.Reports" name="validateReportHeaders" time="0.0">
    <ignored/>
  </testcase> <!-- validateReportHeaders -->
  <testcase classname="frontDeskTests.Reports" name="accountingCancelledPaymentsByDate" time="0.0">
    <ignored/>
  </testcase> <!-- accountingCancelledPaymentsByDate -->
</testsuite> <!-- Reports -->
