<?xml version="1.0" encoding="UTF-8"?>
<testng-results ignored="0" total="2" passed="2" failed="0" skipped="0">
  <reporter-output>
  </reporter-output>
  <suite started-at="2020-06-11T17:05:53 EDT" name="Suite" finished-at="2020-06-11T17:06:43 EDT" duration-ms="49478">
    <groups>
    </groups>
    <test started-at="2020-06-11T17:05:53 EDT" name="Test" finished-at="2020-06-11T17:06:43 EDT" duration-ms="49478">
      <class name="winAppDriverResearch.LoginEmployee">
        <test-method is-config="true" signature="initialize()[pri:0, instance:winAppDriverResearch.LoginEmployee@e7edb54]" started-at="2020-06-11T17:06:13 EDT" name="initialize" finished-at="2020-06-11T17:06:20 EDT" duration-ms="6097" status="PASS">
          <reporter-output>
          </reporter-output>
        </test-method> <!-- initialize -->
        <test-method signature="LoginEmployee1()[pri:0, instance:winAppDriverResearch.LoginEmployee@e7edb54]" started-at="2020-06-11T17:06:20 EDT" name="LoginEmployee1" finished-at="2020-06-11T17:06:43 EDT" duration-ms="23257" status="PASS">
          <reporter-output>
          </reporter-output>
        </test-method> <!-- LoginEmployee1 -->
      </class> <!-- winAppDriverResearch.LoginEmployee -->
      <class name="winAppDriverResearch.LoginPage">
        <test-method is-config="true" signature="initialize()[pri:0, instance:winAppDriverResearch.LoginPage@74455848]" started-at="2020-06-11T17:05:53 EDT" name="initialize" finished-at="2020-06-11T17:06:05 EDT" duration-ms="11725" status="PASS">
          <reporter-output>
          </reporter-output>
        </test-method> <!-- initialize -->
        <test-method signature="ValidateElements()[pri:0, instance:winAppDriverResearch.LoginPage@74455848]" started-at="2020-06-11T17:06:05 EDT" name="ValidateElements" finished-at="2020-06-11T17:06:10 EDT" duration-ms="5350" status="PASS">
          <reporter-output>
          </reporter-output>
        </test-method> <!-- ValidateElements -->
        <test-method is-config="true" signature="TearDown()[pri:0, instance:winAppDriverResearch.LoginPage@74455848]" started-at="2020-06-11T17:06:10 EDT" name="TearDown" finished-at="2020-06-11T17:06:13 EDT" duration-ms="3024" status="PASS">
          <reporter-output>
          </reporter-output>
        </test-method> <!-- TearDown -->
      </class> <!-- winAppDriverResearch.LoginPage -->
    </test> <!-- Test -->
  </suite> <!-- Suite -->
</testng-results>
